stdint.h(13): Warning! W138: No newline at end of file
stdio.h(6): Warning! W138: No newline at end of file
stdint.h(13): Warning! W138: No newline at end of file
fat.c(3): Error! E1055: Unable to open 'stdlib.h'
fat.c(4): Error! E1055: Unable to open 'string.h'
fat.c(5): Error! E1055: Unable to open 'ctype.h'
fat.c(38): Error! E1009: Expecting ')' but found '('
fat.c(38): Error! E1094: Function cannot return a function
fat.c(38): Error! E1009: Expecting ';' but found ')'
fat.c(38): Error! E1061: Expecting data or function declaration, but found ')'
fat.c(38): Warning! W132: No storage class or type specified
fat.c(38): Warning! W305: Type 'int' assumed in declaration of 'BootSector'
fat.c(54): Error! E1009: Expecting ')' but found '('
fat.c(54): Error! E1094: Function cannot return a function
fat.c(54): Error! E1034: Symbol '__attribute__' already defined
fat.c(54): Note! I2002: '__attribute__' defined in: fat.c(38)
fat.c(54): Error! E1009: Expecting ';' but found ')'
fat.c(54): Error! E1061: Expecting data or function declaration, but found ')'
fat.c(54): Warning! W132: No storage class or type specified
fat.c(54): Warning! W305: Type 'int' assumed in declaration of 'DirectoryEntry'
fat.c(56): Error! E1022: Missing or misspelled data type near 'BootSector'
fat.c(56): Warning! W132: No storage class or type specified
fat.c(56): Warning! W305: Type 'int' assumed in declaration of 'g_BootSector'
fat.c(57): Error! E1011: Symbol 'NULL' has not been declared
fat.c(57): Warning! W102: Type mismatch (warning)
fat.c(57): Note! I2003: source conversion type is 'int'
fat.c(57): Note! I2004: target conversion type is 'unsigned char *'
fat.c(57): Error! E1054: Expression must be constant
fat.c(58): Error! E1022: Missing or misspelled data type near 'DirectoryEntry'
fat.c(58): Warning! W132: No storage class or type specified
fat.c(58): Warning! W305: Type 'int' assumed in declaration of 'g_RootDirectory'
fat.c(58): Warning! W102: Type mismatch (warning)
fat.c(58): Note! I2003: source conversion type is 'int'
fat.c(58): Note! I2004: target conversion type is 'int *'
fat.c(58): Error! E1054: Expression must be constant
fat.c(61): Error! E1009: Expecting ',' but found '*'
fat.c(63): Warning! W131: No prototype found for function 'fread'
fat.c(63): Error! E1011: Symbol 'disk' has not been declared
fat.c(61): Warning! W303: Parameter 'FILE' has been defined, but not referenced
fat.c(66): Error! E1009: Expecting ',' but found '*'
fat.c(69): Warning! W131: No prototype found for function 'fseek'
fat.c(69): Error! E1147: Too many errors: compilation aborted
